Performing C SOURCE FILE Test CMAKE_HAVE_LIBC_PTHREAD failed with the following output:
Change Dir: /home/niklas/Schreibtisch/gitrepo/anari-experiments/build/CMakeFiles/CMakeTmp

Run Build Command(s):/usr/bin/make -f Makefile cmTC_c00f9/fast && /usr/bin/make  -f CMakeFiles/cmTC_c00f9.dir/build.make CMakeFiles/cmTC_c00f9.dir/build
make[1]: Verzeichnis „/home/niklas/Schreibtisch/gitrepo/anari-experiments/build/CMakeFiles/CMakeTmp“ wird betreten
Building C object CMakeFiles/cmTC_c00f9.dir/src.c.o
/bin/x86_64-linux-gnu-gcc-9 -DCMAKE_HAVE_LIBC_PTHREAD   -o CMakeFiles/cmTC_c00f9.dir/src.c.o -c /home/niklas/Schreibtisch/gitrepo/anari-experiments/build/CMakeFiles/CMakeTmp/src.c
Linking C executable cmTC_c00f9
/usr/local/bin/cmake -E cmake_link_script CMakeFiles/cmTC_c00f9.dir/link.txt --verbose=1
/bin/x86_64-linux-gnu-gcc-9 -rdynamic CMakeFiles/cmTC_c00f9.dir/src.c.o -o cmTC_c00f9 
/usr/bin/ld: CMakeFiles/cmTC_c00f9.dir/src.c.o: in function `main':
src.c:(.text+0x46): undefined reference to `pthread_create'
/usr/bin/ld: src.c:(.text+0x52): undefined reference to `pthread_detach'
/usr/bin/ld: src.c:(.text+0x5e): undefined reference to `pthread_cancel'
/usr/bin/ld: src.c:(.text+0x6f): undefined reference to `pthread_join'
collect2: error: ld returned 1 exit status
make[1]: *** [CMakeFiles/cmTC_c00f9.dir/build.make:99: cmTC_c00f9] Fehler 1
make[1]: Verzeichnis „/home/niklas/Schreibtisch/gitrepo/anari-experiments/build/CMakeFiles/CMakeTmp“ wird verlassen
make: *** [Makefile:127: cmTC_c00f9/fast] Fehler 2


Source file was:
#include <pthread.h>

static void* test_func(void* data)
{
  return data;
}

int main(void)
{
  pthread_t thread;
  pthread_create(&thread, NULL, test_func, NULL);
  pthread_detach(thread);
  pthread_cancel(thread);
  pthread_join(thread, NULL);
  pthread_atfork(NULL, NULL, NULL);
  pthread_exit(NULL);

  return 0;
}

Determining if the function pthread_create exists in the pthreads failed with the following output:
Change Dir: /home/niklas/Schreibtisch/gitrepo/anari-experiments/build/CMakeFiles/CMakeTmp

Run Build Command(s):/usr/bin/make -f Makefile cmTC_99313/fast && /usr/bin/make  -f CMakeFiles/cmTC_99313.dir/build.make CMakeFiles/cmTC_99313.dir/build
make[1]: Verzeichnis „/home/niklas/Schreibtisch/gitrepo/anari-experiments/build/CMakeFiles/CMakeTmp“ wird betreten
Building C object CMakeFiles/cmTC_99313.dir/CheckFunctionExists.c.o
/bin/x86_64-linux-gnu-gcc-9   -DCHECK_FUNCTION_EXISTS=pthread_create -o CMakeFiles/cmTC_99313.dir/CheckFunctionExists.c.o -c /usr/local/share/cmake-3.22/Modules/CheckFunctionExists.c
Linking C executable cmTC_99313
/usr/local/bin/cmake -E cmake_link_script CMakeFiles/cmTC_99313.dir/link.txt --verbose=1
/bin/x86_64-linux-gnu-gcc-9  -DCHECK_FUNCTION_EXISTS=pthread_create -rdynamic CMakeFiles/cmTC_99313.dir/CheckFunctionExists.c.o -o cmTC_99313  -lpthreads 
/usr/bin/ld: -lpthreads kann nicht gefunden werden
collect2: error: ld returned 1 exit status
make[1]: *** [CMakeFiles/cmTC_99313.dir/build.make:99: cmTC_99313] Fehler 1
make[1]: Verzeichnis „/home/niklas/Schreibtisch/gitrepo/anari-experiments/build/CMakeFiles/CMakeTmp“ wird verlassen
make: *** [Makefile:127: cmTC_99313/fast] Fehler 2



